{"logLevel":"debug","message":"multithreading is set to false"}
{"logLevel":"debug","message":"Using reflection to scan dependencies for gauge implementations..."}
{"logLevel":"debug","message":"gauge-java took 559milliseconds to load and scan. This should be less than 'runner_connection_timeout' config value."}
{"logLevel":"debug","message":"run 'gauge config runner_connection_timeout' and verify that it is < 559"}
{"logLevel":"debug","message":"starting gRPC server..."}
{"logLevel":"debug","message":"started gRPC server on port 53838"}
{"logLevel":"info","message":"Listening on port:53838"}
{"logLevel":"debug","message":"Scanning packages for steps"}
{"logLevel":"debug","message":"Comparing 'StepImplementation.clickElement' and 'StepImplementation.clickElement'"}
{"logLevel":"debug","message":"Found Click {} in current project scope."}
{"logLevel":"debug","message":"Comparing 'StepImplementation.sendKeys' and 'StepImplementation.sendKeys'"}
{"logLevel":"debug","message":"Found type {} in the {} field  in current project scope."}
{"logLevel":"debug","message":"Comparing 'StepImplementation.goToUri' and 'StepImplementation.goToUri'"}
{"logLevel":"debug","message":"Found Go to {} in current project scope."}
{"logLevel":"debug","message":"Scanning packages for hooks"}
{"logLevel":"debug","message":"Scanned steps (using static parsing + reflections): "}
{"logLevel":"debug","message":"\tGo to {} : public void goToUri(String uri)"}
{"logLevel":"debug","message":"\tClick {} : public void clickElement(By webElement)"}
{"logLevel":"debug","message":"\ttype {} in the {} field  : public void sendKeys(String keys, By inputElm)"}
Starting ChromeDriver 86.0.4240.22 (398b0743353ff36fb1b82468f63a3a93b4e2e89e-refs/branch-heads/4240@{#378}) on port 15602
Only local connections are allowed.
Please see https://chromedriver.chromium.org/security-considerations for suggestions on keeping ChromeDriver safe.
ChromeDriver was started successfully.
Oct 29, 2020 5:22:02 PM org.openqa.selenium.remote.ProtocolHandshake createSession
INFO: Detected dialect: W3C
{"logLevel":"debug","message":"Executing 'Go to {}' using 'class StepImplementation.goToUri"}
