Listening for transport dt_socket at address: 53477
{"logLevel":"debug","message":"multithreading is set to false"}
{"logLevel":"debug","message":"Using reflection to scan dependencies for gauge implementations..."}
{"logLevel":"debug","message":"gauge-java took 630milliseconds to load and scan. This should be less than 'runner_connection_timeout' config value."}
{"logLevel":"debug","message":"run 'gauge config runner_connection_timeout' and verify that it is < 630"}
{"logLevel":"debug","message":"starting gRPC server..."}
{"logLevel":"debug","message":"started gRPC server on port 53510"}
{"logLevel":"info","message":"Listening on port:53510"}
{"logLevel":"debug","message":"Scanning packages for steps"}
{"logLevel":"debug","message":"Comparing 'StepImplementation.clickElement' and 'StepImplementation.clickElement'"}
{"logLevel":"debug","message":"Found Click {} in current project scope."}
{"logLevel":"debug","message":"Comparing 'StepImplementation.sendKeys' and 'StepImplementation.sendKeys'"}
{"logLevel":"debug","message":"Found type {} in the {} field  in current project scope."}
{"logLevel":"debug","message":"Comparing 'StepImplementation.goToUri' and 'StepImplementation.goToUri'"}
{"logLevel":"debug","message":"Found Go to {} in current project scope."}
{"logLevel":"debug","message":"Scanning packages for hooks"}
{"logLevel":"debug","message":"Scanned steps (using static parsing + reflections): "}
{"logLevel":"debug","message":"\tGo to {} : public void goToUri(String uri)"}
{"logLevel":"debug","message":"\tClick {} : public void clickElement(WebElement webElement)"}
{"logLevel":"debug","message":"\ttype {} in the {} field  : public void sendKeys(String keys, WebElement inputElm)"}
