{"logLevel":"debug","message":"multithreading is set to false"}
{"logLevel":"debug","message":"Using reflection to scan dependencies for gauge implementations..."}
{"logLevel":"debug","message":"gauge-java took 613milliseconds to load and scan. This should be less than 'runner_connection_timeout' config value."}
{"logLevel":"debug","message":"run 'gauge config runner_connection_timeout' and verify that it is < 613"}
{"logLevel":"debug","message":"starting gRPC server..."}
{"logLevel":"debug","message":"started gRPC server on port 51294"}
{"logLevel":"info","message":"Listening on port:51294"}
{"logLevel":"debug","message":"Scanning packages for steps"}
{"logLevel":"debug","message":"Comparing 'StepImplementation.isElementDisplayed' and 'StepImplementation.isElementDisplayed'"}
{"logLevel":"debug","message":"Found Verify {} is display on the page in current project scope."}
{"logLevel":"debug","message":"Comparing 'StepImplementation.clickElement' and 'StepImplementation.clickElement'"}
{"logLevel":"debug","message":"Found Click {} in current project scope."}
{"logLevel":"debug","message":"Comparing 'StepImplementation.sendKeys' and 'StepImplementation.sendKeys'"}
{"logLevel":"debug","message":"Found Type {} in the {} in current project scope."}
{"logLevel":"debug","message":"Comparing 'StepImplementation.goTo' and 'StepImplementation.goTo'"}
{"logLevel":"debug","message":"Found Go to {} in current project scope."}
{"logLevel":"debug","message":"Scanning packages for hooks"}
{"logLevel":"debug","message":"Scanned steps (using static parsing + reflections): "}
{"logLevel":"debug","message":"\tType {} in the {} : public void sendKeys(String keys, String elm) throws UndefinedEnum, NoSuchSelector"}
{"logLevel":"debug","message":"\tVerify {} is display on the page : public void isElementDisplayed(String elm) throws Exception"}
{"logLevel":"debug","message":"\tGo to {} : public void goTo(String uri)"}
{"logLevel":"debug","message":"\tClick {} : public void clickElement(String elm) throws UndefinedEnum, NoSuchSelector"}
