{"logLevel":"debug","message":"multithreading is set to false"}
{"logLevel":"debug","message":"Using reflection to scan dependencies for gauge implementations..."}
{"logLevel":"debug","message":"gauge-java took 599milliseconds to load and scan. This should be less than 'runner_connection_timeout' config value."}
{"logLevel":"debug","message":"run 'gauge config runner_connection_timeout' and verify that it is < 599"}
{"logLevel":"debug","message":"starting gRPC server..."}
{"logLevel":"debug","message":"started gRPC server on port 51513"}
{"logLevel":"info","message":"Listening on port:51513"}
{"logLevel":"debug","message":"Scanning packages for steps"}
{"logLevel":"debug","message":"Comparing 'StepImplementation.isElementDisplayed' and 'StepImplementation.isElementDisplayed'"}
{"logLevel":"debug","message":"Found Verify {} is display on the page in current project scope."}
{"logLevel":"debug","message":"Comparing 'StepImplementation.clickElement' and 'StepImplementation.clickElement'"}
{"logLevel":"debug","message":"Found Click {} in current project scope."}
{"logLevel":"debug","message":"Comparing 'StepImplementation.sendKeys' and 'StepImplementation.sendKeys'"}
{"logLevel":"debug","message":"Found Type {} in the {} in current project scope."}
{"logLevel":"debug","message":"Comparing 'StepImplementation.goTo' and 'StepImplementation.goTo'"}
{"logLevel":"debug","message":"Found Go to {} in current project scope."}
{"logLevel":"debug","message":"Scanning packages for hooks"}
{"logLevel":"debug","message":"Scanned steps (using static parsing + reflections): "}
{"logLevel":"debug","message":"\tType {} in the {} : public void sendKeys(String keys, String elm) throws UndefinedEnum, NoSuchSelector"}
{"logLevel":"debug","message":"\tVerify {} is display on the page : public void isElementDisplayed(String elm) throws Exception"}
{"logLevel":"debug","message":"\tGo to {} : public void goTo(String uri)"}
{"logLevel":"debug","message":"\tClick {} : public void clickElement(String elm) throws UndefinedEnum, NoSuchSelector"}
Oct 31, 2020 4:34:09 PM org.openqa.selenium.remote.DesiredCapabilities chrome
INFO: Using `new ChromeOptions()` is preferred to `DesiredCapabilities.chrome()`
Starting ChromeDriver 86.0.4240.22 (398b0743353ff36fb1b82468f63a3a93b4e2e89e-refs/branch-heads/4240@{#378}) on port 14820
Only local connections are allowed.
Please see https://chromedriver.chromium.org/security-considerations for suggestions on keeping ChromeDriver safe.
ChromeDriver was started successfully.
Oct 31, 2020 4:34:12 PM org.openqa.selenium.remote.ProtocolHandshake createSession
INFO: Detected dialect: W3C
{"logLevel":"debug","message":"Executing 'Go to {}' using 'class StepImplementation.goTo"}
{"logLevel":"debug","message":"Executing 'Type {} in the {}' using 'class StepImplementation.sendKeys"}
{"logLevel":"debug","message":"Executing 'Verify {} is display on the page' using 'class StepImplementation.isElementDisplayed"}
{"logLevel":"debug","message":"Executing 'Click {}' using 'class StepImplementation.clickElement"}
{"logLevel":"debug","message":"Executing 'Verify {} is display on the page' using 'class StepImplementation.isElementDisplayed"}
Oct 31, 2020 4:34:18 PM org.openqa.selenium.remote.DesiredCapabilities chrome
INFO: Using `new ChromeOptions()` is preferred to `DesiredCapabilities.chrome()`
Starting ChromeDriver 86.0.4240.22 (398b0743353ff36fb1b82468f63a3a93b4e2e89e-refs/branch-heads/4240@{#378}) on port 20379
Only local connections are allowed.
Please see https://chromedriver.chromium.org/security-considerations for suggestions on keeping ChromeDriver safe.
ChromeDriver was started successfully.
Oct 31, 2020 4:34:21 PM org.openqa.selenium.remote.ProtocolHandshake createSession
INFO: Detected dialect: W3C
{"logLevel":"debug","message":"Executing 'Go to {}' using 'class StepImplementation.goTo"}
